\BOOKMARK [1][-]{section.1}{\376\377\000C\000a\000r\000d\000s\000\040\000O\000v\000e\000r\000v\000i\000e\000w}{}% 1
\BOOKMARK [1][-]{section.2}{\376\377\000S\000y\000s\000t\000e\000m\000\040\000A\000r\000c\000h\000i\000t\000e\000c\000t\000u\000r\000e}{}% 2
\BOOKMARK [2][-]{subsection.2.1}{\376\377\000D\000e\000s\000i\000g\000n\000\040\000c\000h\000o\000i\000c\000e\000s}{section.2}% 3
\BOOKMARK [1][-]{section.3}{\376\377\000U\000s\000e\000r\000\040\000S\000t\000o\000r\000i\000e\000s}{}% 4
\BOOKMARK [1][-]{section.4}{\376\377\000R\000u\000l\000e\000s\000\040\000o\000f\000\040\000t\000h\000e\000\040\000G\000a\000m\000e}{}% 5
\BOOKMARK [2][-]{subsection.4.1}{\376\377\000C\000a\000r\000d\000\040\000G\000a\000m\000e\000\040\000R\000u\000l\000e\000s}{section.4}% 6
\BOOKMARK [3][-]{subsubsection.4.1.1}{\376\377\000D\000e\000c\000k\000\040\000B\000u\000i\000l\000d\000i\000n\000g\000\040\000C\000o\000n\000s\000t\000r\000a\000i\000n\000t\000s}{subsection.4.1}% 7
\BOOKMARK [3][-]{subsubsection.4.1.2}{\376\377\000C\000o\000m\000b\000a\000t\000\040\000H\000i\000e\000r\000a\000r\000c\000h\000y}{subsection.4.1}% 8
\BOOKMARK [3][-]{subsubsection.4.1.3}{\376\377\000G\000a\000m\000e\000p\000l\000a\000y\000\040\000F\000l\000o\000w}{subsection.4.1}% 9
\BOOKMARK [3][-]{subsubsection.4.1.4}{\376\377\000E\000x\000a\000m\000p\000l\000e\000\040\000M\000a\000t\000c\000h\000\040\000L\000o\000g}{subsection.4.1}% 10
\BOOKMARK [1][-]{section.5}{\376\377\000G\000a\000m\000e\000\040\000F\000l\000o\000w}{}% 11
\BOOKMARK [1][-]{section.6}{\376\377\000T\000e\000s\000t\000i\000n\000g}{}% 12
\BOOKMARK [1][-]{section.7}{\376\377\000S\000e\000c\000u\000r\000i\000t\000y}{}% 13
\BOOKMARK [2][-]{subsection.7.1}{\376\377\000D\000a\000t\000a\000\040\000S\000e\000c\000u\000r\000i\000t\000y}{section.7}% 14
\BOOKMARK [2][-]{subsection.7.2}{\376\377\000A\000u\000t\000h\000o\000r\000i\000z\000a\000t\000i\000o\000n\000\040\000a\000n\000d\000\040\000A\000u\000t\000h\000e\000n\000t\000i\000c\000a\000t\000i\000o\000n}{section.7}% 15
\BOOKMARK [2][-]{subsection.7.3}{\376\377\000S\000e\000c\000u\000r\000y\000t\000y\000\040\000A\000n\000a\000l\000y\000s\000e\000s}{section.7}% 16
\BOOKMARK [1][-]{section.8}{\376\377\000T\000h\000r\000e\000a\000t\000\040\000M\000o\000d\000e\000l}{}% 17
\BOOKMARK [1][-]{section.9}{\376\377\000U\000s\000e\000\040\000o\000f\000\040\000G\000e\000n\000e\000r\000a\000t\000i\000v\000e\000\040\000A\000I}{}% 18
\BOOKMARK [1][-]{section.10}{\376\377\000A\000d\000d\000i\000t\000i\000o\000n\000a\000l\000\040\000F\000e\000a\000t\000u\000r\000e\000s}{}% 19
\BOOKMARK [2][-]{subsection.10.1}{\376\377\000G\000r\000e\000e\000n\000\040\000U\000s\000e\000r\000\040\000S\000t\000o\000r\000i\000e\000s}{section.10}% 20
\BOOKMARK [2][-]{subsection.10.2}{\376\377\000C\000l\000o\000u\000d\000\040\000S\000t\000o\000r\000a\000g\000e\000\040\000o\000f\000\040\000D\000e\000c\000k\000s}{section.10}% 21
\BOOKMARK [2][-]{subsection.10.3}{\376\377\000C\000l\000i\000e\000n\000t}{section.10}% 22
\BOOKMARK [2][-]{subsection.10.4}{\376\377\000E\000n\000d\000p\000o\000i\000n\000t\000-\000b\000a\000s\000e\000d\000\040\000S\000e\000r\000v\000i\000c\000e\000\040\000I\000n\000t\000e\000r\000a\000c\000t\000i\000o\000n\000\040\000S\000m\000e\000l\000l\000\040\000-\000\040\000P\000r\000o\000o\000f\000\040\000o\000f\000\040\000C\000o\000n\000c\000e\000p\000t}{section.10}% 23
\BOOKMARK [1][-]{section.11}{\376\377\000B\000u\000i\000l\000d\000\040\000a\000n\000d\000\040\000R\000u\000n\000\040\000I\000n\000s\000t\000r\000u\000c\000t\000i\000o\000n\000s}{}% 24
\BOOKMARK [2][-]{subsection.11.1}{\376\377\000P\000r\000e\000r\000e\000q\000u\000i\000s\000i\000t\000e\000s}{section.11}% 25
\BOOKMARK [2][-]{subsection.11.2}{\376\377\000Q\000u\000i\000c\000k\000\040\000S\000t\000a\000r\000t\000\040\000G\000u\000i\000d\000e}{section.11}% 26
\BOOKMARK [2][-]{subsection.11.3}{\376\377\000D\000e\000v\000e\000l\000o\000p\000m\000e\000n\000t\000\040\000\046\000\040\000T\000e\000s\000t\000i\000n\000g}{section.11}% 27
\BOOKMARK [3][-]{subsubsection.11.3.1}{\376\377\000E\000n\000v\000i\000r\000o\000n\000m\000e\000n\000t\000\040\000C\000o\000n\000f\000i\000g\000u\000r\000a\000t\000i\000o\000n}{subsection.11.3}% 28
\BOOKMARK [3][-]{subsubsection.11.3.2}{\376\377\000T\000e\000s\000t\000i\000n\000g\000\040\000t\000h\000e\000\040\000W\000o\000r\000k\000f\000l\000o\000w}{subsection.11.3}% 29
\BOOKMARK [3][-]{subsubsection.11.3.3}{\376\377\000K\000e\000y\000\040\000A\000P\000I\000\040\000E\000n\000d\000p\000o\000i\000n\000t\000s}{subsection.11.3}% 30
\BOOKMARK [2][-]{subsection.11.4}{\376\377\000M\000a\000i\000n\000t\000e\000n\000a\000n\000c\000e}{section.11}% 31
